self=$$;  ( mariadb-dump --single-transaction --quick --lock-tables=false -u _2e0a4435c11e0a75 -p********** _2e0a4435c11e0a75 -h 127.0.0.1 -P 3306   || kill $self )  | /usr/bin/gzip >> ./erp.blueseakw.com/private/backups/20240104_210002-erp_blueseakw_com-database.sql.gz

Backup Summary for erp.blueseakw.com at 2024-01-04 21:00:06.626815
Config  : ./erp.blueseakw.com/private/backups/20240104_210002-erp_blueseakw_com-site_config_backup.json 182.0B
Database: ./erp.blueseakw.com/private/backups/20240104_210002-erp_blueseakw_com-database.sql.gz         1.2MiB
Backup for Site erp.blueseakw.com has been successfully completed
self=$$;  ( mariadb-dump --single-transaction --quick --lock-tables=false -u _2e0a4435c11e0a75 -p********** _2e0a4435c11e0a75 -h 127.0.0.1 -P 3306   || kill $self )  | /usr/bin/gzip >> ./erp.blueseakw.com/private/backups/20240105_030003-erp_blueseakw_com-database.sql.gz

Backup Summary for erp.blueseakw.com at 2024-01-05 03:00:06.992668
Config  : ./erp.blueseakw.com/private/backups/20240105_030003-erp_blueseakw_com-site_config_backup.json 182.0B
Database: ./erp.blueseakw.com/private/backups/20240105_030003-erp_blueseakw_com-database.sql.gz         1.2MiB
Backup for Site erp.blueseakw.com has been successfully completed
self=$$;  ( mariadb-dump --single-transaction --quick --lock-tables=false -u _2e0a4435c11e0a75 -p********** _2e0a4435c11e0a75 -h 127.0.0.1 -P 3306   || kill $self )  | /usr/bin/gzip >> ./erp.blueseakw.com/private/backups/20240105_090003-erp_blueseakw_com-database.sql.gz

Backup Summary for erp.blueseakw.com at 2024-01-05 09:00:07.330506
Config  : ./erp.blueseakw.com/private/backups/20240105_090003-erp_blueseakw_com-site_config_backup.json 182.0B
Database: ./erp.blueseakw.com/private/backups/20240105_090003-erp_blueseakw_com-database.sql.gz         1.2MiB
Backup for Site erp.blueseakw.com has been successfully completed
self=$$;  ( mariadb-dump --single-transaction --quick --lock-tables=false -u _2e0a4435c11e0a75 -p********** _2e0a4435c11e0a75 -h 127.0.0.1 -P 3306   || kill $self )  | /usr/bin/gzip >> ./erp.blueseakw.com/private/backups/20240105_150004-erp_blueseakw_com-database.sql.gz

Backup Summary for erp.blueseakw.com at 2024-01-05 15:00:08.097097
Config  : ./erp.blueseakw.com/private/backups/20240105_150004-erp_blueseakw_com-site_config_backup.json 182.0B
Database: ./erp.blueseakw.com/private/backups/20240105_150004-erp_blueseakw_com-database.sql.gz         1.2MiB
Backup for Site erp.blueseakw.com has been successfully completed
self=$$;  ( mariadb-dump --single-transaction --quick --lock-tables=false -u _2e0a4435c11e0a75 -p********** _2e0a4435c11e0a75 -h 127.0.0.1 -P 3306   || kill $self )  | /usr/bin/gzip >> ./erp.blueseakw.com/private/backups/20240105_210003-erp_blueseakw_com-database.sql.gz

Backup Summary for erp.blueseakw.com at 2024-01-05 21:00:07.096429
Config  : ./erp.blueseakw.com/private/backups/20240105_210003-erp_blueseakw_com-site_config_backup.json 182.0B
Database: ./erp.blueseakw.com/private/backups/20240105_210003-erp_blueseakw_com-database.sql.gz         1.2MiB
Backup for Site erp.blueseakw.com has been successfully completed
self=$$;  ( mariadb-dump --single-transaction --quick --lock-tables=false -u _2e0a4435c11e0a75 -p********** _2e0a4435c11e0a75 -h 127.0.0.1 -P 3306   || kill $self )  | /usr/bin/gzip >> ./erp.blueseakw.com/private/backups/20240106_030003-erp_blueseakw_com-database.sql.gz

Backup Summary for erp.blueseakw.com at 2024-01-06 03:00:08.530838
Config  : ./erp.blueseakw.com/private/backups/20240106_030003-erp_blueseakw_com-site_config_backup.json 182.0B
Database: ./erp.blueseakw.com/private/backups/20240106_030003-erp_blueseakw_com-database.sql.gz         1.3MiB
Backup for Site erp.blueseakw.com has been successfully completed
self=$$;  ( mariadb-dump --single-transaction --quick --lock-tables=false -u _2e0a4435c11e0a75 -p********** _2e0a4435c11e0a75 -h 127.0.0.1 -P 3306   || kill $self )  | /usr/bin/gzip >> ./erp.blueseakw.com/private/backups/20240106_090002-erp_blueseakw_com-database.sql.gz

Backup Summary for erp.blueseakw.com at 2024-01-06 09:00:09.180334
Config  : ./erp.blueseakw.com/private/backups/20240106_090002-erp_blueseakw_com-site_config_backup.json 182.0B
Database: ./erp.blueseakw.com/private/backups/20240106_090002-erp_blueseakw_com-database.sql.gz         1.3MiB
Backup for Site erp.blueseakw.com has been successfully completed
self=$$;  ( mariadb-dump --single-transaction --quick --lock-tables=false -u _2e0a4435c11e0a75 -p********** _2e0a4435c11e0a75 -h 127.0.0.1 -P 3306   || kill $self )  | /usr/bin/gzip >> ./erp.blueseakw.com/private/backups/20240106_150003-erp_blueseakw_com-database.sql.gz

Backup Summary for erp.blueseakw.com at 2024-01-06 15:00:08.413239
Config  : ./erp.blueseakw.com/private/backups/20240106_150003-erp_blueseakw_com-site_config_backup.json 182.0B
Database: ./erp.blueseakw.com/private/backups/20240106_150003-erp_blueseakw_com-database.sql.gz         1.3MiB
Backup for Site erp.blueseakw.com has been successfully completed
self=$$;  ( mariadb-dump --single-transaction --quick --lock-tables=false -u _2e0a4435c11e0a75 -p********** _2e0a4435c11e0a75 -h 127.0.0.1 -P 3306   || kill $self )  | /usr/bin/gzip >> ./erp.blueseakw.com/private/backups/20240106_210003-erp_blueseakw_com-database.sql.gz

Backup Summary for erp.blueseakw.com at 2024-01-06 21:00:10.999224
Config  : ./erp.blueseakw.com/private/backups/20240106_210003-erp_blueseakw_com-site_config_backup.json 182.0B
Database: ./erp.blueseakw.com/private/backups/20240106_210003-erp_blueseakw_com-database.sql.gz         1.3MiB
Backup for Site erp.blueseakw.com has been successfully completed
self=$$;  ( mariadb-dump --single-transaction --quick --lock-tables=false -u _2e0a4435c11e0a75 -p********** _2e0a4435c11e0a75 -h 127.0.0.1 -P 3306   || kill $self )  | /usr/bin/gzip >> ./erp.blueseakw.com/private/backups/20240107_030003-erp_blueseakw_com-database.sql.gz

Backup Summary for erp.blueseakw.com at 2024-01-07 03:00:10.507998
Config  : ./erp.blueseakw.com/private/backups/20240107_030003-erp_blueseakw_com-site_config_backup.json 182.0B
Database: ./erp.blueseakw.com/private/backups/20240107_030003-erp_blueseakw_com-database.sql.gz         1.3MiB
Backup for Site erp.blueseakw.com has been successfully completed
self=$$;  ( mariadb-dump --single-transaction --quick --lock-tables=false -u _2e0a4435c11e0a75 -p********** _2e0a4435c11e0a75 -h 127.0.0.1 -P 3306   || kill $self )  | /usr/bin/gzip >> ./erp.blueseakw.com/private/backups/20240107_090003-erp_blueseakw_com-database.sql.gz

Backup Summary for erp.blueseakw.com at 2024-01-07 09:00:09.021947
Config  : ./erp.blueseakw.com/private/backups/20240107_090003-erp_blueseakw_com-site_config_backup.json 182.0B
Database: ./erp.blueseakw.com/private/backups/20240107_090003-erp_blueseakw_com-database.sql.gz         1.3MiB
Backup for Site erp.blueseakw.com has been successfully completed
self=$$;  ( mariadb-dump --single-transaction --quick --lock-tables=false -u _2e0a4435c11e0a75 -p********** _2e0a4435c11e0a75 -h 127.0.0.1 -P 3306   || kill $self )  | /usr/bin/gzip >> ./erp.blueseakw.com/private/backups/20240107_150003-erp_blueseakw_com-database.sql.gz

Backup Summary for erp.blueseakw.com at 2024-01-07 15:00:10.545154
Config  : ./erp.blueseakw.com/private/backups/20240107_150003-erp_blueseakw_com-site_config_backup.json 182.0B
Database: ./erp.blueseakw.com/private/backups/20240107_150003-erp_blueseakw_com-database.sql.gz         1.3MiB
Backup for Site erp.blueseakw.com has been successfully completed
self=$$;  ( mariadb-dump --single-transaction --quick --lock-tables=false -u _2e0a4435c11e0a75 -p********** _2e0a4435c11e0a75 -h 127.0.0.1 -P 3306   || kill $self )  | /usr/bin/gzip >> ./erp.blueseakw.com/private/backups/20240107_210003-erp_blueseakw_com-database.sql.gz

Backup Summary for erp.blueseakw.com at 2024-01-07 21:00:07.237036
Config  : ./erp.blueseakw.com/private/backups/20240107_210003-erp_blueseakw_com-site_config_backup.json 182.0B
Database: ./erp.blueseakw.com/private/backups/20240107_210003-erp_blueseakw_com-database.sql.gz         1.3MiB
Backup for Site erp.blueseakw.com has been successfully completed
self=$$;  ( mariadb-dump --single-transaction --quick --lock-tables=false -u _2e0a4435c11e0a75 -p********** _2e0a4435c11e0a75 -h 127.0.0.1 -P 3306   || kill $self )  | /usr/bin/gzip >> ./erp.blueseakw.com/private/backups/20240108_030003-erp_blueseakw_com-database.sql.gz

Backup Summary for erp.blueseakw.com at 2024-01-08 03:00:11.616544
Config  : ./erp.blueseakw.com/private/backups/20240108_030003-erp_blueseakw_com-site_config_backup.json 182.0B
Database: ./erp.blueseakw.com/private/backups/20240108_030003-erp_blueseakw_com-database.sql.gz         1.3MiB
Backup for Site erp.blueseakw.com has been successfully completed
self=$$;  ( mariadb-dump --single-transaction --quick --lock-tables=false -u _2e0a4435c11e0a75 -p********** _2e0a4435c11e0a75 -h 127.0.0.1 -P 3306   || kill $self )  | /usr/bin/gzip >> ./erp.blueseakw.com/private/backups/20240108_090003-erp_blueseakw_com-database.sql.gz

Backup Summary for erp.blueseakw.com at 2024-01-08 09:00:07.324534
Config  : ./erp.blueseakw.com/private/backups/20240108_090003-erp_blueseakw_com-site_config_backup.json 182.0B
Database: ./erp.blueseakw.com/private/backups/20240108_090003-erp_blueseakw_com-database.sql.gz         1.3MiB
Backup for Site erp.blueseakw.com has been successfully completed
self=$$;  ( mariadb-dump --single-transaction --quick --lock-tables=false -u _2e0a4435c11e0a75 -p********** _2e0a4435c11e0a75 -h 127.0.0.1 -P 3306   || kill $self )  | /usr/bin/gzip >> ./erp.blueseakw.com/private/backups/20240108_150002-erp_blueseakw_com-database.sql.gz

Backup Summary for erp.blueseakw.com at 2024-01-08 15:00:07.522560
Config  : ./erp.blueseakw.com/private/backups/20240108_150002-erp_blueseakw_com-site_config_backup.json 182.0B
Database: ./erp.blueseakw.com/private/backups/20240108_150002-erp_blueseakw_com-database.sql.gz         1.3MiB
Backup for Site erp.blueseakw.com has been successfully completed
self=$$;  ( mariadb-dump --single-transaction --quick --lock-tables=false -u _2e0a4435c11e0a75 -p********** _2e0a4435c11e0a75 -h 127.0.0.1 -P 3306   || kill $self )  | /usr/bin/gzip >> ./erp.blueseakw.com/private/backups/20240108_210003-erp_blueseakw_com-database.sql.gz

Backup Summary for erp.blueseakw.com at 2024-01-08 21:00:08.281127
Config  : ./erp.blueseakw.com/private/backups/20240108_210003-erp_blueseakw_com-site_config_backup.json 182.0B
Database: ./erp.blueseakw.com/private/backups/20240108_210003-erp_blueseakw_com-database.sql.gz         1.3MiB
Backup for Site erp.blueseakw.com has been successfully completed
self=$$;  ( mariadb-dump --single-transaction --quick --lock-tables=false -u _2e0a4435c11e0a75 -p********** _2e0a4435c11e0a75 -h 127.0.0.1 -P 3306   || kill $self )  | /usr/bin/gzip >> ./erp.blueseakw.com/private/backups/20240109_030003-erp_blueseakw_com-database.sql.gz

Backup Summary for erp.blueseakw.com at 2024-01-09 03:00:10.968400
Config  : ./erp.blueseakw.com/private/backups/20240109_030003-erp_blueseakw_com-site_config_backup.json 182.0B
Database: ./erp.blueseakw.com/private/backups/20240109_030003-erp_blueseakw_com-database.sql.gz         1.3MiB
Backup for Site erp.blueseakw.com has been successfully completed
self=$$;  ( mariadb-dump --single-transaction --quick --lock-tables=false -u _2e0a4435c11e0a75 -p********** _2e0a4435c11e0a75 -h 127.0.0.1 -P 3306   || kill $self )  | /usr/bin/gzip >> ./erp.blueseakw.com/private/backups/20240109_090003-erp_blueseakw_com-database.sql.gz

Backup Summary for erp.blueseakw.com at 2024-01-09 09:00:08.519625
Config  : ./erp.blueseakw.com/private/backups/20240109_090003-erp_blueseakw_com-site_config_backup.json 182.0B
Database: ./erp.blueseakw.com/private/backups/20240109_090003-erp_blueseakw_com-database.sql.gz         1.3MiB
Backup for Site erp.blueseakw.com has been successfully completed
self=$$;  ( mariadb-dump --single-transaction --quick --lock-tables=false -u _2e0a4435c11e0a75 -p********** _2e0a4435c11e0a75 -h 127.0.0.1 -P 3306   || kill $self )  | /usr/bin/gzip >> ./erp.blueseakw.com/private/backups/20240109_150003-erp_blueseakw_com-database.sql.gz

Backup Summary for erp.blueseakw.com at 2024-01-09 15:00:08.358077
Config  : ./erp.blueseakw.com/private/backups/20240109_150003-erp_blueseakw_com-site_config_backup.json 182.0B
Database: ./erp.blueseakw.com/private/backups/20240109_150003-erp_blueseakw_com-database.sql.gz         1.3MiB
Backup for Site erp.blueseakw.com has been successfully completed
self=$$;  ( mariadb-dump --single-transaction --quick --lock-tables=false -u _2e0a4435c11e0a75 -p********** _2e0a4435c11e0a75 -h 127.0.0.1 -P 3306   || kill $self )  | /usr/bin/gzip >> ./erp.blueseakw.com/private/backups/20240109_210004-erp_blueseakw_com-database.sql.gz

Backup Summary for erp.blueseakw.com at 2024-01-09 21:00:11.941740
Config  : ./erp.blueseakw.com/private/backups/20240109_210004-erp_blueseakw_com-site_config_backup.json 182.0B
Database: ./erp.blueseakw.com/private/backups/20240109_210004-erp_blueseakw_com-database.sql.gz         1.3MiB
Backup for Site erp.blueseakw.com has been successfully completed
self=$$;  ( mariadb-dump --single-transaction --quick --lock-tables=false -u _2e0a4435c11e0a75 -p********** _2e0a4435c11e0a75 -h 127.0.0.1 -P 3306   || kill $self )  | /usr/bin/gzip >> ./erp.blueseakw.com/private/backups/20240110_030003-erp_blueseakw_com-database.sql.gz

Backup Summary for erp.blueseakw.com at 2024-01-10 03:00:10.725246
Config  : ./erp.blueseakw.com/private/backups/20240110_030003-erp_blueseakw_com-site_config_backup.json 182.0B
Database: ./erp.blueseakw.com/private/backups/20240110_030003-erp_blueseakw_com-database.sql.gz         1.3MiB
Backup for Site erp.blueseakw.com has been successfully completed
self=$$;  ( mariadb-dump --single-transaction --quick --lock-tables=false -u _2e0a4435c11e0a75 -p********** _2e0a4435c11e0a75 -h 127.0.0.1 -P 3306   || kill $self )  | /usr/bin/gzip >> ./erp.blueseakw.com/private/backups/20240110_090003-erp_blueseakw_com-database.sql.gz

Backup Summary for erp.blueseakw.com at 2024-01-10 09:00:08.929553
Config  : ./erp.blueseakw.com/private/backups/20240110_090003-erp_blueseakw_com-site_config_backup.json 182.0B
Database: ./erp.blueseakw.com/private/backups/20240110_090003-erp_blueseakw_com-database.sql.gz         1.3MiB
Backup for Site erp.blueseakw.com has been successfully completed
self=$$;  ( mariadb-dump --single-transaction --quick --lock-tables=false -u _2e0a4435c11e0a75 -p********** _2e0a4435c11e0a75 -h 127.0.0.1 -P 3306   || kill $self )  | /usr/bin/gzip >> ./erp.blueseakw.com/private/backups/20240110_150003-erp_blueseakw_com-database.sql.gz

Backup Summary for erp.blueseakw.com at 2024-01-10 15:00:08.898957
Config  : ./erp.blueseakw.com/private/backups/20240110_150003-erp_blueseakw_com-site_config_backup.json 182.0B
Database: ./erp.blueseakw.com/private/backups/20240110_150003-erp_blueseakw_com-database.sql.gz         1.3MiB
Backup for Site erp.blueseakw.com has been successfully completed
Traceback (most recent call last):
  File "/home/shakeel/frappe-bench/apps/frappe/frappe/utils/bench_helper.py", line 75, in get_app_commands
    app_command_module = importlib.import_module(f"{app}.commands")
  File "/usr/lib/python3.10/importlib/__init__.py", line 126, in import_module
    return _bootstrap._gcd_import(name[level:], package, level)
  File "<frozen importlib._bootstrap>", line 1050, in _gcd_import
  File "<frozen importlib._bootstrap>", line 1027, in _find_and_load
  File "<frozen importlib._bootstrap>", line 992, in _find_and_load_unlocked
  File "<frozen importlib._bootstrap>", line 241, in _call_with_frames_removed
  File "<frozen importlib._bootstrap>", line 1050, in _gcd_import
  File "<frozen importlib._bootstrap>", line 1027, in _find_and_load
  File "<frozen importlib._bootstrap>", line 1004, in _find_and_load_unlocked
ModuleNotFoundError: No module named 'jobportal_bluesea'
self=$$;  ( mariadb-dump --single-transaction --quick --lock-tables=false -u _2e0a4435c11e0a75 -p********** _2e0a4435c11e0a75 -h 127.0.0.1 -P 3306   || kill $self )  | /usr/bin/gzip >> ./erp.blueseakw.com/private/backups/20240110_210003-erp_blueseakw_com-database.sql.gz

Backup Summary for erp.blueseakw.com at 2024-01-10 21:00:08.919829
Config  : ./erp.blueseakw.com/private/backups/20240110_210003-erp_blueseakw_com-site_config_backup.json 182.0B
Database: ./erp.blueseakw.com/private/backups/20240110_210003-erp_blueseakw_com-database.sql.gz         1.3MiB
Backup for Site erp.blueseakw.com has been successfully completed
Traceback (most recent call last):
  File "/home/shakeel/frappe-bench/apps/frappe/frappe/utils/bench_helper.py", line 75, in get_app_commands
    app_command_module = importlib.import_module(f"{app}.commands")
  File "/usr/lib/python3.10/importlib/__init__.py", line 126, in import_module
    return _bootstrap._gcd_import(name[level:], package, level)
  File "<frozen importlib._bootstrap>", line 1050, in _gcd_import
  File "<frozen importlib._bootstrap>", line 1027, in _find_and_load
  File "<frozen importlib._bootstrap>", line 992, in _find_and_load_unlocked
  File "<frozen importlib._bootstrap>", line 241, in _call_with_frames_removed
  File "<frozen importlib._bootstrap>", line 1050, in _gcd_import
  File "<frozen importlib._bootstrap>", line 1027, in _find_and_load
  File "<frozen importlib._bootstrap>", line 1004, in _find_and_load_unlocked
ModuleNotFoundError: No module named 'jobportal_bluesea'
self=$$;  ( mariadb-dump --single-transaction --quick --lock-tables=false -u _2e0a4435c11e0a75 -p********** _2e0a4435c11e0a75 -h 127.0.0.1 -P 3306   || kill $self )  | /usr/bin/gzip >> ./erp.blueseakw.com/private/backups/20240111_030004-erp_blueseakw_com-database.sql.gz

Backup Summary for erp.blueseakw.com at 2024-01-11 03:00:12.014567
Config  : ./erp.blueseakw.com/private/backups/20240111_030004-erp_blueseakw_com-site_config_backup.json 182.0B
Database: ./erp.blueseakw.com/private/backups/20240111_030004-erp_blueseakw_com-database.sql.gz         1.3MiB
Backup for Site erp.blueseakw.com has been successfully completed
Traceback (most recent call last):
  File "/home/shakeel/frappe-bench/apps/frappe/frappe/utils/bench_helper.py", line 75, in get_app_commands
    app_command_module = importlib.import_module(f"{app}.commands")
  File "/usr/lib/python3.10/importlib/__init__.py", line 126, in import_module
    return _bootstrap._gcd_import(name[level:], package, level)
  File "<frozen importlib._bootstrap>", line 1050, in _gcd_import
  File "<frozen importlib._bootstrap>", line 1027, in _find_and_load
  File "<frozen importlib._bootstrap>", line 992, in _find_and_load_unlocked
  File "<frozen importlib._bootstrap>", line 241, in _call_with_frames_removed
  File "<frozen importlib._bootstrap>", line 1050, in _gcd_import
  File "<frozen importlib._bootstrap>", line 1027, in _find_and_load
  File "<frozen importlib._bootstrap>", line 1004, in _find_and_load_unlocked
ModuleNotFoundError: No module named 'jobportal_bluesea'
self=$$;  ( mariadb-dump --single-transaction --quick --lock-tables=false -u _2e0a4435c11e0a75 -p********** _2e0a4435c11e0a75 -h 127.0.0.1 -P 3306   || kill $self )  | /usr/bin/gzip >> ./erp.blueseakw.com/private/backups/20240111_090003-erp_blueseakw_com-database.sql.gz

Backup Summary for erp.blueseakw.com at 2024-01-11 09:00:09.832277
Config  : ./erp.blueseakw.com/private/backups/20240111_090003-erp_blueseakw_com-site_config_backup.json 182.0B
Database: ./erp.blueseakw.com/private/backups/20240111_090003-erp_blueseakw_com-database.sql.gz         1.3MiB
Backup for Site erp.blueseakw.com has been successfully completed
Traceback (most recent call last):
  File "/home/shakeel/frappe-bench/apps/frappe/frappe/utils/bench_helper.py", line 75, in get_app_commands
    app_command_module = importlib.import_module(f"{app}.commands")
  File "/usr/lib/python3.10/importlib/__init__.py", line 126, in import_module
    return _bootstrap._gcd_import(name[level:], package, level)
  File "<frozen importlib._bootstrap>", line 1050, in _gcd_import
  File "<frozen importlib._bootstrap>", line 1027, in _find_and_load
  File "<frozen importlib._bootstrap>", line 992, in _find_and_load_unlocked
  File "<frozen importlib._bootstrap>", line 241, in _call_with_frames_removed
  File "<frozen importlib._bootstrap>", line 1050, in _gcd_import
  File "<frozen importlib._bootstrap>", line 1027, in _find_and_load
  File "<frozen importlib._bootstrap>", line 1004, in _find_and_load_unlocked
ModuleNotFoundError: No module named 'jobportal_bluesea'
self=$$;  ( mariadb-dump --single-transaction --quick --lock-tables=false -u _2e0a4435c11e0a75 -p********** _2e0a4435c11e0a75 -h 127.0.0.1 -P 3306   || kill $self )  | /usr/bin/gzip >> ./erp.blueseakw.com/private/backups/20240111_150003-erp_blueseakw_com-database.sql.gz

Backup Summary for erp.blueseakw.com at 2024-01-11 15:00:06.941168
Config  : ./erp.blueseakw.com/private/backups/20240111_150003-erp_blueseakw_com-site_config_backup.json 182.0B
Database: ./erp.blueseakw.com/private/backups/20240111_150003-erp_blueseakw_com-database.sql.gz         1.4MiB
Backup for Site erp.blueseakw.com has been successfully completed
Traceback (most recent call last):
  File "/home/shakeel/frappe-bench/apps/frappe/frappe/utils/bench_helper.py", line 75, in get_app_commands
    app_command_module = importlib.import_module(f"{app}.commands")
  File "/usr/lib/python3.10/importlib/__init__.py", line 126, in import_module
    return _bootstrap._gcd_import(name[level:], package, level)
  File "<frozen importlib._bootstrap>", line 1050, in _gcd_import
  File "<frozen importlib._bootstrap>", line 1027, in _find_and_load
  File "<frozen importlib._bootstrap>", line 992, in _find_and_load_unlocked
  File "<frozen importlib._bootstrap>", line 241, in _call_with_frames_removed
  File "<frozen importlib._bootstrap>", line 1050, in _gcd_import
  File "<frozen importlib._bootstrap>", line 1027, in _find_and_load
  File "<frozen importlib._bootstrap>", line 1004, in _find_and_load_unlocked
ModuleNotFoundError: No module named 'jobportal_bluesea'
self=$$;  ( mariadb-dump --single-transaction --quick --lock-tables=false -u _2e0a4435c11e0a75 -p********** _2e0a4435c11e0a75 -h 127.0.0.1 -P 3306   || kill $self )  | /usr/bin/gzip >> ./erp.blueseakw.com/private/backups/20240111_210003-erp_blueseakw_com-database.sql.gz

Backup Summary for erp.blueseakw.com at 2024-01-11 21:00:11.429442
Config  : ./erp.blueseakw.com/private/backups/20240111_210003-erp_blueseakw_com-site_config_backup.json 182.0B
Database: ./erp.blueseakw.com/private/backups/20240111_210003-erp_blueseakw_com-database.sql.gz         1.4MiB
Backup for Site erp.blueseakw.com has been successfully completed
Traceback (most recent call last):
  File "/home/shakeel/frappe-bench/apps/frappe/frappe/utils/bench_helper.py", line 75, in get_app_commands
    app_command_module = importlib.import_module(f"{app}.commands")
  File "/usr/lib/python3.10/importlib/__init__.py", line 126, in import_module
    return _bootstrap._gcd_import(name[level:], package, level)
  File "<frozen importlib._bootstrap>", line 1050, in _gcd_import
  File "<frozen importlib._bootstrap>", line 1027, in _find_and_load
  File "<frozen importlib._bootstrap>", line 992, in _find_and_load_unlocked
  File "<frozen importlib._bootstrap>", line 241, in _call_with_frames_removed
  File "<frozen importlib._bootstrap>", line 1050, in _gcd_import
  File "<frozen importlib._bootstrap>", line 1027, in _find_and_load
  File "<frozen importlib._bootstrap>", line 1004, in _find_and_load_unlocked
ModuleNotFoundError: No module named 'jobportal_bluesea'
self=$$;  ( mariadb-dump --single-transaction --quick --lock-tables=false -u _2e0a4435c11e0a75 -p********** _2e0a4435c11e0a75 -h 127.0.0.1 -P 3306   || kill $self )  | /usr/bin/gzip >> ./erp.blueseakw.com/private/backups/20240112_030003-erp_blueseakw_com-database.sql.gz

Backup Summary for erp.blueseakw.com at 2024-01-12 03:00:11.679910
Config  : ./erp.blueseakw.com/private/backups/20240112_030003-erp_blueseakw_com-site_config_backup.json 182.0B
Database: ./erp.blueseakw.com/private/backups/20240112_030003-erp_blueseakw_com-database.sql.gz         1.4MiB
Backup for Site erp.blueseakw.com has been successfully completed
Traceback (most recent call last):
  File "/home/shakeel/frappe-bench/apps/frappe/frappe/utils/bench_helper.py", line 75, in get_app_commands
    app_command_module = importlib.import_module(f"{app}.commands")
  File "/usr/lib/python3.10/importlib/__init__.py", line 126, in import_module
    return _bootstrap._gcd_import(name[level:], package, level)
  File "<frozen importlib._bootstrap>", line 1050, in _gcd_import
  File "<frozen importlib._bootstrap>", line 1027, in _find_and_load
  File "<frozen importlib._bootstrap>", line 992, in _find_and_load_unlocked
  File "<frozen importlib._bootstrap>", line 241, in _call_with_frames_removed
  File "<frozen importlib._bootstrap>", line 1050, in _gcd_import
  File "<frozen importlib._bootstrap>", line 1027, in _find_and_load
  File "<frozen importlib._bootstrap>", line 1004, in _find_and_load_unlocked
ModuleNotFoundError: No module named 'jobportal_bluesea'
self=$$;  ( mariadb-dump --single-transaction --quick --lock-tables=false -u _2e0a4435c11e0a75 -p********** _2e0a4435c11e0a75 -h 127.0.0.1 -P 3306   || kill $self )  | /usr/bin/gzip >> ./erp.blueseakw.com/private/backups/20240112_090003-erp_blueseakw_com-database.sql.gz

Backup Summary for erp.blueseakw.com at 2024-01-12 09:00:08.955212
Config  : ./erp.blueseakw.com/private/backups/20240112_090003-erp_blueseakw_com-site_config_backup.json 182.0B
Database: ./erp.blueseakw.com/private/backups/20240112_090003-erp_blueseakw_com-database.sql.gz         1.4MiB
Backup for Site erp.blueseakw.com has been successfully completed
Traceback (most recent call last):
  File "/home/shakeel/frappe-bench/apps/frappe/frappe/utils/bench_helper.py", line 75, in get_app_commands
    app_command_module = importlib.import_module(f"{app}.commands")
  File "/usr/lib/python3.10/importlib/__init__.py", line 126, in import_module
    return _bootstrap._gcd_import(name[level:], package, level)
  File "<frozen importlib._bootstrap>", line 1050, in _gcd_import
  File "<frozen importlib._bootstrap>", line 1027, in _find_and_load
  File "<frozen importlib._bootstrap>", line 992, in _find_and_load_unlocked
  File "<frozen importlib._bootstrap>", line 241, in _call_with_frames_removed
  File "<frozen importlib._bootstrap>", line 1050, in _gcd_import
  File "<frozen importlib._bootstrap>", line 1027, in _find_and_load
  File "<frozen importlib._bootstrap>", line 1004, in _find_and_load_unlocked
ModuleNotFoundError: No module named 'jobportal_bluesea'
self=$$;  ( mariadb-dump --single-transaction --quick --lock-tables=false -u _2e0a4435c11e0a75 -p********** _2e0a4435c11e0a75 -h 127.0.0.1 -P 3306   || kill $self )  | /usr/bin/gzip >> ./erp.blueseakw.com/private/backups/20240112_150003-erp_blueseakw_com-database.sql.gz

Backup Summary for erp.blueseakw.com at 2024-01-12 15:00:07.748655
Config  : ./erp.blueseakw.com/private/backups/20240112_150003-erp_blueseakw_com-site_config_backup.json 182.0B
Database: ./erp.blueseakw.com/private/backups/20240112_150003-erp_blueseakw_com-database.sql.gz         1.4MiB
Backup for Site erp.blueseakw.com has been successfully completed
Traceback (most recent call last):
  File "/home/shakeel/frappe-bench/apps/frappe/frappe/utils/bench_helper.py", line 75, in get_app_commands
    app_command_module = importlib.import_module(f"{app}.commands")
  File "/usr/lib/python3.10/importlib/__init__.py", line 126, in import_module
    return _bootstrap._gcd_import(name[level:], package, level)
  File "<frozen importlib._bootstrap>", line 1050, in _gcd_import
  File "<frozen importlib._bootstrap>", line 1027, in _find_and_load
  File "<frozen importlib._bootstrap>", line 992, in _find_and_load_unlocked
  File "<frozen importlib._bootstrap>", line 241, in _call_with_frames_removed
  File "<frozen importlib._bootstrap>", line 1050, in _gcd_import
  File "<frozen importlib._bootstrap>", line 1027, in _find_and_load
  File "<frozen importlib._bootstrap>", line 1004, in _find_and_load_unlocked
ModuleNotFoundError: No module named 'jobportal_bluesea'
self=$$;  ( mariadb-dump --single-transaction --quick --lock-tables=false -u _2e0a4435c11e0a75 -p********** _2e0a4435c11e0a75 -h 127.0.0.1 -P 3306   || kill $self )  | /usr/bin/gzip >> ./erp.blueseakw.com/private/backups/20240112_210003-erp_blueseakw_com-database.sql.gz

Backup Summary for erp.blueseakw.com at 2024-01-12 21:00:12.696689
Config  : ./erp.blueseakw.com/private/backups/20240112_210003-erp_blueseakw_com-site_config_backup.json 182.0B
Database: ./erp.blueseakw.com/private/backups/20240112_210003-erp_blueseakw_com-database.sql.gz         1.4MiB
Backup for Site erp.blueseakw.com has been successfully completed
Traceback (most recent call last):
  File "/home/shakeel/frappe-bench/apps/frappe/frappe/utils/bench_helper.py", line 75, in get_app_commands
    app_command_module = importlib.import_module(f"{app}.commands")
  File "/usr/lib/python3.10/importlib/__init__.py", line 126, in import_module
    return _bootstrap._gcd_import(name[level:], package, level)
  File "<frozen importlib._bootstrap>", line 1050, in _gcd_import
  File "<frozen importlib._bootstrap>", line 1027, in _find_and_load
  File "<frozen importlib._bootstrap>", line 992, in _find_and_load_unlocked
  File "<frozen importlib._bootstrap>", line 241, in _call_with_frames_removed
  File "<frozen importlib._bootstrap>", line 1050, in _gcd_import
  File "<frozen importlib._bootstrap>", line 1027, in _find_and_load
  File "<frozen importlib._bootstrap>", line 1004, in _find_and_load_unlocked
ModuleNotFoundError: No module named 'jobportal_bluesea'
self=$$;  ( mariadb-dump --single-transaction --quick --lock-tables=false -u _2e0a4435c11e0a75 -p********** _2e0a4435c11e0a75 -h 127.0.0.1 -P 3306   || kill $self )  | /usr/bin/gzip >> ./erp.blueseakw.com/private/backups/20240113_030003-erp_blueseakw_com-database.sql.gz

Backup Summary for erp.blueseakw.com at 2024-01-13 03:00:09.103547
Config  : ./erp.blueseakw.com/private/backups/20240113_030003-erp_blueseakw_com-site_config_backup.json 182.0B
Database: ./erp.blueseakw.com/private/backups/20240113_030003-erp_blueseakw_com-database.sql.gz         1.4MiB
Backup for Site erp.blueseakw.com has been successfully completed
Traceback (most recent call last):
  File "/home/shakeel/frappe-bench/apps/frappe/frappe/utils/bench_helper.py", line 75, in get_app_commands
    app_command_module = importlib.import_module(f"{app}.commands")
  File "/usr/lib/python3.10/importlib/__init__.py", line 126, in import_module
    return _bootstrap._gcd_import(name[level:], package, level)
  File "<frozen importlib._bootstrap>", line 1050, in _gcd_import
  File "<frozen importlib._bootstrap>", line 1027, in _find_and_load
  File "<frozen importlib._bootstrap>", line 992, in _find_and_load_unlocked
  File "<frozen importlib._bootstrap>", line 241, in _call_with_frames_removed
  File "<frozen importlib._bootstrap>", line 1050, in _gcd_import
  File "<frozen importlib._bootstrap>", line 1027, in _find_and_load
  File "<frozen importlib._bootstrap>", line 1004, in _find_and_load_unlocked
ModuleNotFoundError: No module named 'jobportal_bluesea'
self=$$;  ( mariadb-dump --single-transaction --quick --lock-tables=false -u _2e0a4435c11e0a75 -p********** _2e0a4435c11e0a75 -h 127.0.0.1 -P 3306   || kill $self )  | /usr/bin/gzip >> ./erp.blueseakw.com/private/backups/20240113_090003-erp_blueseakw_com-database.sql.gz

Backup Summary for erp.blueseakw.com at 2024-01-13 09:00:07.953216
Config  : ./erp.blueseakw.com/private/backups/20240113_090003-erp_blueseakw_com-site_config_backup.json 182.0B
Database: ./erp.blueseakw.com/private/backups/20240113_090003-erp_blueseakw_com-database.sql.gz         1.4MiB
Backup for Site erp.blueseakw.com has been successfully completed
Traceback (most recent call last):
  File "/home/shakeel/frappe-bench/apps/frappe/frappe/utils/bench_helper.py", line 75, in get_app_commands
    app_command_module = importlib.import_module(f"{app}.commands")
  File "/usr/lib/python3.10/importlib/__init__.py", line 126, in import_module
    return _bootstrap._gcd_import(name[level:], package, level)
  File "<frozen importlib._bootstrap>", line 1050, in _gcd_import
  File "<frozen importlib._bootstrap>", line 1027, in _find_and_load
  File "<frozen importlib._bootstrap>", line 992, in _find_and_load_unlocked
  File "<frozen importlib._bootstrap>", line 241, in _call_with_frames_removed
  File "<frozen importlib._bootstrap>", line 1050, in _gcd_import
  File "<frozen importlib._bootstrap>", line 1027, in _find_and_load
  File "<frozen importlib._bootstrap>", line 1004, in _find_and_load_unlocked
ModuleNotFoundError: No module named 'jobportal_bluesea'
self=$$;  ( mariadb-dump --single-transaction --quick --lock-tables=false -u _2e0a4435c11e0a75 -p********** _2e0a4435c11e0a75 -h 127.0.0.1 -P 3306   || kill $self )  | /usr/bin/gzip >> ./erp.blueseakw.com/private/backups/20240113_150003-erp_blueseakw_com-database.sql.gz

Backup Summary for erp.blueseakw.com at 2024-01-13 15:00:06.864679
Config  : ./erp.blueseakw.com/private/backups/20240113_150003-erp_blueseakw_com-site_config_backup.json 182.0B
Database: ./erp.blueseakw.com/private/backups/20240113_150003-erp_blueseakw_com-database.sql.gz         1.4MiB
Backup for Site erp.blueseakw.com has been successfully completed
Traceback (most recent call last):
  File "/home/shakeel/frappe-bench/apps/frappe/frappe/utils/bench_helper.py", line 75, in get_app_commands
    app_command_module = importlib.import_module(f"{app}.commands")
  File "/usr/lib/python3.10/importlib/__init__.py", line 126, in import_module
    return _bootstrap._gcd_import(name[level:], package, level)
  File "<frozen importlib._bootstrap>", line 1050, in _gcd_import
  File "<frozen importlib._bootstrap>", line 1027, in _find_and_load
  File "<frozen importlib._bootstrap>", line 992, in _find_and_load_unlocked
  File "<frozen importlib._bootstrap>", line 241, in _call_with_frames_removed
  File "<frozen importlib._bootstrap>", line 1050, in _gcd_import
  File "<frozen importlib._bootstrap>", line 1027, in _find_and_load
  File "<frozen importlib._bootstrap>", line 1004, in _find_and_load_unlocked
ModuleNotFoundError: No module named 'jobportal_bluesea'
self=$$;  ( mariadb-dump --single-transaction --quick --lock-tables=false -u _2e0a4435c11e0a75 -p********** _2e0a4435c11e0a75 -h 127.0.0.1 -P 3306   || kill $self )  | /usr/bin/gzip >> ./erp.blueseakw.com/private/backups/20240113_210003-erp_blueseakw_com-database.sql.gz

Backup Summary for erp.blueseakw.com at 2024-01-13 21:00:08.853862
Config  : ./erp.blueseakw.com/private/backups/20240113_210003-erp_blueseakw_com-site_config_backup.json 182.0B
Database: ./erp.blueseakw.com/private/backups/20240113_210003-erp_blueseakw_com-database.sql.gz         1.4MiB
Backup for Site erp.blueseakw.com has been successfully completed
Traceback (most recent call last):
  File "/home/shakeel/frappe-bench/apps/frappe/frappe/utils/bench_helper.py", line 75, in get_app_commands
    app_command_module = importlib.import_module(f"{app}.commands")
  File "/usr/lib/python3.10/importlib/__init__.py", line 126, in import_module
    return _bootstrap._gcd_import(name[level:], package, level)
  File "<frozen importlib._bootstrap>", line 1050, in _gcd_import
  File "<frozen importlib._bootstrap>", line 1027, in _find_and_load
  File "<frozen importlib._bootstrap>", line 992, in _find_and_load_unlocked
  File "<frozen importlib._bootstrap>", line 241, in _call_with_frames_removed
  File "<frozen importlib._bootstrap>", line 1050, in _gcd_import
  File "<frozen importlib._bootstrap>", line 1027, in _find_and_load
  File "<frozen importlib._bootstrap>", line 1004, in _find_and_load_unlocked
ModuleNotFoundError: No module named 'jobportal_bluesea'
self=$$;  ( mariadb-dump --single-transaction --quick --lock-tables=false -u _2e0a4435c11e0a75 -p********** _2e0a4435c11e0a75 -h 127.0.0.1 -P 3306   || kill $self )  | /usr/bin/gzip >> ./erp.blueseakw.com/private/backups/20240114_030003-erp_blueseakw_com-database.sql.gz

Backup Summary for erp.blueseakw.com at 2024-01-14 03:00:09.279262
Config  : ./erp.blueseakw.com/private/backups/20240114_030003-erp_blueseakw_com-site_config_backup.json 182.0B
Database: ./erp.blueseakw.com/private/backups/20240114_030003-erp_blueseakw_com-database.sql.gz         1.4MiB
Backup for Site erp.blueseakw.com has been successfully completed
Traceback (most recent call last):
  File "/home/shakeel/frappe-bench/apps/frappe/frappe/utils/bench_helper.py", line 75, in get_app_commands
    app_command_module = importlib.import_module(f"{app}.commands")
  File "/usr/lib/python3.10/importlib/__init__.py", line 126, in import_module
    return _bootstrap._gcd_import(name[level:], package, level)
  File "<frozen importlib._bootstrap>", line 1050, in _gcd_import
  File "<frozen importlib._bootstrap>", line 1027, in _find_and_load
  File "<frozen importlib._bootstrap>", line 992, in _find_and_load_unlocked
  File "<frozen importlib._bootstrap>", line 241, in _call_with_frames_removed
  File "<frozen importlib._bootstrap>", line 1050, in _gcd_import
  File "<frozen importlib._bootstrap>", line 1027, in _find_and_load
  File "<frozen importlib._bootstrap>", line 1004, in _find_and_load_unlocked
ModuleNotFoundError: No module named 'jobportal_bluesea'
self=$$;  ( mariadb-dump --single-transaction --quick --lock-tables=false -u _2e0a4435c11e0a75 -p********** _2e0a4435c11e0a75 -h 127.0.0.1 -P 3306   || kill $self )  | /usr/bin/gzip >> ./erp.blueseakw.com/private/backups/20240114_090003-erp_blueseakw_com-database.sql.gz

Backup Summary for erp.blueseakw.com at 2024-01-14 09:00:10.829689
Config  : ./erp.blueseakw.com/private/backups/20240114_090003-erp_blueseakw_com-site_config_backup.json 182.0B
Database: ./erp.blueseakw.com/private/backups/20240114_090003-erp_blueseakw_com-database.sql.gz         1.4MiB
Backup for Site erp.blueseakw.com has been successfully completed
Traceback (most recent call last):
  File "/home/shakeel/frappe-bench/apps/frappe/frappe/utils/bench_helper.py", line 75, in get_app_commands
    app_command_module = importlib.import_module(f"{app}.commands")
  File "/usr/lib/python3.10/importlib/__init__.py", line 126, in import_module
    return _bootstrap._gcd_import(name[level:], package, level)
  File "<frozen importlib._bootstrap>", line 1050, in _gcd_import
  File "<frozen importlib._bootstrap>", line 1027, in _find_and_load
  File "<frozen importlib._bootstrap>", line 992, in _find_and_load_unlocked
  File "<frozen importlib._bootstrap>", line 241, in _call_with_frames_removed
  File "<frozen importlib._bootstrap>", line 1050, in _gcd_import
  File "<frozen importlib._bootstrap>", line 1027, in _find_and_load
  File "<frozen importlib._bootstrap>", line 1004, in _find_and_load_unlocked
ModuleNotFoundError: No module named 'jobportal_bluesea'
Backup failed for Site erp.blueseakw.com. Database or site_config.json may be corrupted
Traceback with variables (most recent call last):
  File "apps/frappe/frappe/commands/site.py", line 892, in backup
    frappe.init(site=site)
      context = {'sites': ['erp.blueseakw.com'], 'force': False, 'verbose': True, 'profile': False}
      with_files = False
      backup_path = None
      backup_path_db = None
      backup_path_files = None
      backup_path_private_files = None
      backup_path_conf = None
      ignore_backup_conf = False
      verbose = True
      compress = False
      include = ''
      exclude = ''
      scheduled_backup = <function scheduled_backup at 0x7f38eb93beb0>
      exit_code = 0
      site = 'erp.blueseakw.com'
  File "apps/frappe/frappe/__init__.py", line 258, in init
    setup_module_map()
      site = 'erp.blueseakw.com'
      sites_path = '.'
      new_site = False
      force = False
  File "apps/frappe/frappe/__init__.py", line 1620, in setup_module_map
    for module in get_module_list(app):
      app = 'jobportal_bluesea'
      module = 'payment_gateways'
  File "apps/frappe/frappe/__init__.py", line 1479, in get_module_list
    return get_file_items(get_app_path(app_name, "modules.txt"))
      app_name = 'jobportal_bluesea'
  File "apps/frappe/frappe/__init__.py", line 1444, in get_app_path
    return get_pymodule_path(app_name, *joins)
      app_name = 'jobportal_bluesea'
      joins = ('modules.txt',)
  File "apps/frappe/frappe/__init__.py", line 1474, in get_pymodule_path
    return abspath(join(dirname(get_module(scrub(modulename)).__file__ or ""), *joins))
      modulename = 'jobportal_bluesea'
      joins = ['modules.txt']
      abspath = <function abspath at 0x7f38ed4e6e60>
      dirname = <function dirname at 0x7f38ed4e6a70>
      join = <function join at 0x7f38ed4e67a0>
  File "apps/frappe/frappe/__init__.py", line 1415, in get_module
    return importlib.import_module(modulename)
      modulename = 'jobportal_bluesea'
  File "/usr/lib/python3.10/importlib/__init__.py", line 126, in import_module
    return _bootstrap._gcd_import(name[level:], package, level)
      name = 'jobportal_bluesea'
      package = None
      level = 0
  File "<frozen importlib._bootstrap>", line 1050, in _gcd_import
      name = 'jobportal_bluesea'
      package = None
      level = 0
  File "<frozen importlib._bootstrap>", line 1027, in _find_and_load
      name = 'jobportal_bluesea'
      import_ = <function _gcd_import at 0x7f38ed633400>
      module = <exception while printing> Traceback (most recent call last):
          File "env/lib/python3.10/site-packages/traceback_with_variables/core.py", line 222, in _to_cropped_str
            raw = print_(obj)
          File "apps/frappe/frappe/utils/__init__.py", line 329, in dict_printer
            if key in v:
        TypeError: argument of type 'object' is not iterable
        
  File "<frozen importlib._bootstrap>", line 1004, in _find_and_load_unlocked
      name = 'jobportal_bluesea'
      import_ = <function _gcd_import at 0x7f38ed633400>
      path = None
      parent = ''
      spec = None
builtins.ModuleNotFoundError: No module named 'jobportal_bluesea'
Traceback (most recent call last):
  File "/home/shakeel/frappe-bench/apps/frappe/frappe/utils/bench_helper.py", line 75, in get_app_commands
    app_command_module = importlib.import_module(f"{app}.commands")
  File "/usr/lib/python3.10/importlib/__init__.py", line 126, in import_module
    return _bootstrap._gcd_import(name[level:], package, level)
  File "<frozen importlib._bootstrap>", line 1050, in _gcd_import
  File "<frozen importlib._bootstrap>", line 1027, in _find_and_load
  File "<frozen importlib._bootstrap>", line 992, in _find_and_load_unlocked
  File "<frozen importlib._bootstrap>", line 241, in _call_with_frames_removed
  File "<frozen importlib._bootstrap>", line 1050, in _gcd_import
  File "<frozen importlib._bootstrap>", line 1027, in _find_and_load
  File "<frozen importlib._bootstrap>", line 1004, in _find_and_load_unlocked
ModuleNotFoundError: No module named 'jobportal_bluesea'
Backup failed for Site erp.blueseakw.com. Database or site_config.json may be corrupted
Traceback with variables (most recent call last):
  File "apps/frappe/frappe/commands/site.py", line 892, in backup
    frappe.init(site=site)
      context = {'sites': ['erp.blueseakw.com'], 'force': False, 'verbose': True, 'profile': False}
      with_files = False
      backup_path = None
      backup_path_db = None
      backup_path_files = None
      backup_path_private_files = None
      backup_path_conf = None
      ignore_backup_conf = False
      verbose = True
      compress = False
      include = ''
      exclude = ''
      scheduled_backup = <function scheduled_backup at 0x7f2478547eb0>
      exit_code = 0
      site = 'erp.blueseakw.com'
  File "apps/frappe/frappe/__init__.py", line 258, in init
    setup_module_map()
      site = 'erp.blueseakw.com'
      sites_path = '.'
      new_site = False
      force = False
  File "apps/frappe/frappe/__init__.py", line 1620, in setup_module_map
    for module in get_module_list(app):
      app = 'jobportal_bluesea'
      module = 'payment_gateways'
  File "apps/frappe/frappe/__init__.py", line 1479, in get_module_list
    return get_file_items(get_app_path(app_name, "modules.txt"))
      app_name = 'jobportal_bluesea'
  File "apps/frappe/frappe/__init__.py", line 1444, in get_app_path
    return get_pymodule_path(app_name, *joins)
      app_name = 'jobportal_bluesea'
      joins = ('modules.txt',)
  File "apps/frappe/frappe/__init__.py", line 1474, in get_pymodule_path
    return abspath(join(dirname(get_module(scrub(modulename)).__file__ or ""), *joins))
      modulename = 'jobportal_bluesea'
      joins = ['modules.txt']
      abspath = <function abspath at 0x7f247a0eee60>
      dirname = <function dirname at 0x7f247a0eea70>
      join = <function join at 0x7f247a0ee7a0>
  File "apps/frappe/frappe/__init__.py", line 1415, in get_module
    return importlib.import_module(modulename)
      modulename = 'jobportal_bluesea'
  File "/usr/lib/python3.10/importlib/__init__.py", line 126, in import_module
    return _bootstrap._gcd_import(name[level:], package, level)
      name = 'jobportal_bluesea'
      package = None
      level = 0
  File "<frozen importlib._bootstrap>", line 1050, in _gcd_import
      name = 'jobportal_bluesea'
      package = None
      level = 0
  File "<frozen importlib._bootstrap>", line 1027, in _find_and_load
      name = 'jobportal_bluesea'
      import_ = <function _gcd_import at 0x7f247a23f400>
      module = <exception while printing> Traceback (most recent call last):
          File "env/lib/python3.10/site-packages/traceback_with_variables/core.py", line 222, in _to_cropped_str
            raw = print_(obj)
          File "apps/frappe/frappe/utils/__init__.py", line 329, in dict_printer
            if key in v:
        TypeError: argument of type 'object' is not iterable
        
  File "<frozen importlib._bootstrap>", line 1004, in _find_and_load_unlocked
      name = 'jobportal_bluesea'
      import_ = <function _gcd_import at 0x7f247a23f400>
      path = None
      parent = ''
      spec = None
builtins.ModuleNotFoundError: No module named 'jobportal_bluesea'
Traceback (most recent call last):
  File "/home/shakeel/frappe-bench/apps/frappe/frappe/utils/bench_helper.py", line 75, in get_app_commands
    app_command_module = importlib.import_module(f"{app}.commands")
  File "/usr/lib/python3.10/importlib/__init__.py", line 126, in import_module
    return _bootstrap._gcd_import(name[level:], package, level)
  File "<frozen importlib._bootstrap>", line 1050, in _gcd_import
  File "<frozen importlib._bootstrap>", line 1027, in _find_and_load
  File "<frozen importlib._bootstrap>", line 992, in _find_and_load_unlocked
  File "<frozen importlib._bootstrap>", line 241, in _call_with_frames_removed
  File "<frozen importlib._bootstrap>", line 1050, in _gcd_import
  File "<frozen importlib._bootstrap>", line 1027, in _find_and_load
  File "<frozen importlib._bootstrap>", line 1004, in _find_and_load_unlocked
ModuleNotFoundError: No module named 'jobportal_bluesea'
Backup failed for Site erp.blueseakw.com. Database or site_config.json may be corrupted
Traceback with variables (most recent call last):
  File "apps/frappe/frappe/commands/site.py", line 892, in backup
    frappe.init(site=site)
      context = {'sites': ['erp.blueseakw.com'], 'force': False, 'verbose': True, 'profile': False}
      with_files = False
      backup_path = None
      backup_path_db = None
      backup_path_files = None
      backup_path_private_files = None
      backup_path_conf = None
      ignore_backup_conf = False
      verbose = True
      compress = False
      include = ''
      exclude = ''
      scheduled_backup = <function scheduled_backup at 0x7fa15c323eb0>
      exit_code = 0
      site = 'erp.blueseakw.com'
  File "apps/frappe/frappe/__init__.py", line 258, in init
    setup_module_map()
      site = 'erp.blueseakw.com'
      sites_path = '.'
      new_site = False
      force = False
  File "apps/frappe/frappe/__init__.py", line 1620, in setup_module_map
    for module in get_module_list(app):
      app = 'jobportal_bluesea'
      module = 'payment_gateways'
  File "apps/frappe/frappe/__init__.py", line 1479, in get_module_list
    return get_file_items(get_app_path(app_name, "modules.txt"))
      app_name = 'jobportal_bluesea'
  File "apps/frappe/frappe/__init__.py", line 1444, in get_app_path
    return get_pymodule_path(app_name, *joins)
      app_name = 'jobportal_bluesea'
      joins = ('modules.txt',)
  File "apps/frappe/frappe/__init__.py", line 1474, in get_pymodule_path
    return abspath(join(dirname(get_module(scrub(modulename)).__file__ or ""), *joins))
      modulename = 'jobportal_bluesea'
      joins = ['modules.txt']
      abspath = <function abspath at 0x7fa15deb6e60>
      dirname = <function dirname at 0x7fa15deb6a70>
      join = <function join at 0x7fa15deb67a0>
  File "apps/frappe/frappe/__init__.py", line 1415, in get_module
    return importlib.import_module(modulename)
      modulename = 'jobportal_bluesea'
  File "/usr/lib/python3.10/importlib/__init__.py", line 126, in import_module
    return _bootstrap._gcd_import(name[level:], package, level)
      name = 'jobportal_bluesea'
      package = None
      level = 0
  File "<frozen importlib._bootstrap>", line 1050, in _gcd_import
      name = 'jobportal_bluesea'
      package = None
      level = 0
  File "<frozen importlib._bootstrap>", line 1027, in _find_and_load
      name = 'jobportal_bluesea'
      import_ = <function _gcd_import at 0x7fa15e007400>
      module = <exception while printing> Traceback (most recent call last):
          File "env/lib/python3.10/site-packages/traceback_with_variables/core.py", line 222, in _to_cropped_str
            raw = print_(obj)
          File "apps/frappe/frappe/utils/__init__.py", line 329, in dict_printer
            if key in v:
        TypeError: argument of type 'object' is not iterable
        
  File "<frozen importlib._bootstrap>", line 1004, in _find_and_load_unlocked
      name = 'jobportal_bluesea'
      import_ = <function _gcd_import at 0x7fa15e007400>
      path = None
      parent = ''
      spec = None
builtins.ModuleNotFoundError: No module named 'jobportal_bluesea'
Traceback (most recent call last):
  File "/home/shakeel/frappe-bench/apps/frappe/frappe/utils/bench_helper.py", line 75, in get_app_commands
    app_command_module = importlib.import_module(f"{app}.commands")
  File "/usr/lib/python3.10/importlib/__init__.py", line 126, in import_module
    return _bootstrap._gcd_import(name[level:], package, level)
  File "<frozen importlib._bootstrap>", line 1050, in _gcd_import
  File "<frozen importlib._bootstrap>", line 1027, in _find_and_load
  File "<frozen importlib._bootstrap>", line 992, in _find_and_load_unlocked
  File "<frozen importlib._bootstrap>", line 241, in _call_with_frames_removed
  File "<frozen importlib._bootstrap>", line 1050, in _gcd_import
  File "<frozen importlib._bootstrap>", line 1027, in _find_and_load
  File "<frozen importlib._bootstrap>", line 1004, in _find_and_load_unlocked
ModuleNotFoundError: No module named 'jobportal_bluesea'
Backup failed for Site erp.blueseakw.com. Database or site_config.json may be corrupted
Traceback with variables (most recent call last):
  File "apps/frappe/frappe/commands/site.py", line 892, in backup
    frappe.init(site=site)
      context = {'sites': ['erp.blueseakw.com'], 'force': False, 'verbose': True, 'profile': False}
      with_files = False
      backup_path = None
      backup_path_db = None
      backup_path_files = None
      backup_path_private_files = None
      backup_path_conf = None
      ignore_backup_conf = False
      verbose = True
      compress = False
      include = ''
      exclude = ''
      scheduled_backup = <function scheduled_backup at 0x7fe1035afeb0>
      exit_code = 0
      site = 'erp.blueseakw.com'
  File "apps/frappe/frappe/__init__.py", line 258, in init
    setup_module_map()
      site = 'erp.blueseakw.com'
      sites_path = '.'
      new_site = False
      force = False
  File "apps/frappe/frappe/__init__.py", line 1620, in setup_module_map
    for module in get_module_list(app):
      app = 'jobportal_bluesea'
      module = 'payment_gateways'
  File "apps/frappe/frappe/__init__.py", line 1479, in get_module_list
    return get_file_items(get_app_path(app_name, "modules.txt"))
      app_name = 'jobportal_bluesea'
  File "apps/frappe/frappe/__init__.py", line 1444, in get_app_path
    return get_pymodule_path(app_name, *joins)
      app_name = 'jobportal_bluesea'
      joins = ('modules.txt',)
  File "apps/frappe/frappe/__init__.py", line 1474, in get_pymodule_path
    return abspath(join(dirname(get_module(scrub(modulename)).__file__ or ""), *joins))
      modulename = 'jobportal_bluesea'
      joins = ['modules.txt']
      abspath = <function abspath at 0x7fe105156e60>
      dirname = <function dirname at 0x7fe105156a70>
      join = <function join at 0x7fe1051567a0>
  File "apps/frappe/frappe/__init__.py", line 1415, in get_module
    return importlib.import_module(modulename)
      modulename = 'jobportal_bluesea'
  File "/usr/lib/python3.10/importlib/__init__.py", line 126, in import_module
    return _bootstrap._gcd_import(name[level:], package, level)
      name = 'jobportal_bluesea'
      package = None
      level = 0
  File "<frozen importlib._bootstrap>", line 1050, in _gcd_import
      name = 'jobportal_bluesea'
      package = None
      level = 0
  File "<frozen importlib._bootstrap>", line 1027, in _find_and_load
      name = 'jobportal_bluesea'
      import_ = <function _gcd_import at 0x7fe1052a7400>
      module = <exception while printing> Traceback (most recent call last):
          File "env/lib/python3.10/site-packages/traceback_with_variables/core.py", line 222, in _to_cropped_str
            raw = print_(obj)
          File "apps/frappe/frappe/utils/__init__.py", line 329, in dict_printer
            if key in v:
        TypeError: argument of type 'object' is not iterable
        
  File "<frozen importlib._bootstrap>", line 1004, in _find_and_load_unlocked
      name = 'jobportal_bluesea'
      import_ = <function _gcd_import at 0x7fe1052a7400>
      path = None
      parent = ''
      spec = None
builtins.ModuleNotFoundError: No module named 'jobportal_bluesea'
self=$$;  ( mariadb-dump --single-transaction --quick --lock-tables=false -u _2e0a4435c11e0a75 -p********** _2e0a4435c11e0a75 -h 127.0.0.1 -P 3306   || kill $self )  | /usr/bin/gzip >> ./erp.blueseakw.com/private/backups/20240115_150002-erp_blueseakw_com-database.sql.gz

Backup Summary for erp.blueseakw.com at 2024-01-15 15:00:06.927818
Config  : ./erp.blueseakw.com/private/backups/20240115_150002-erp_blueseakw_com-site_config_backup.json 182.0B
Database: ./erp.blueseakw.com/private/backups/20240115_150002-erp_blueseakw_com-database.sql.gz         1.4MiB
Backup for Site erp.blueseakw.com has been successfully completed
self=$$;  ( mariadb-dump --single-transaction --quick --lock-tables=false -u _2e0a4435c11e0a75 -p********** _2e0a4435c11e0a75 -h 127.0.0.1 -P 3306   || kill $self )  | /usr/bin/gzip >> ./erp.blueseakw.com/private/backups/20240115_210003-erp_blueseakw_com-database.sql.gz

Backup Summary for erp.blueseakw.com at 2024-01-15 21:00:09.604973
Config  : ./erp.blueseakw.com/private/backups/20240115_210003-erp_blueseakw_com-site_config_backup.json 182.0B
Database: ./erp.blueseakw.com/private/backups/20240115_210003-erp_blueseakw_com-database.sql.gz         1.4MiB
Backup for Site erp.blueseakw.com has been successfully completed
self=$$;  ( mariadb-dump --single-transaction --quick --lock-tables=false -u _2e0a4435c11e0a75 -p********** _2e0a4435c11e0a75 -h 127.0.0.1 -P 3306   || kill $self )  | /usr/bin/gzip >> ./erp.blueseakw.com/private/backups/20240116_030003-erp_blueseakw_com-database.sql.gz

Backup Summary for erp.blueseakw.com at 2024-01-16 03:00:12.536737
Config  : ./erp.blueseakw.com/private/backups/20240116_030003-erp_blueseakw_com-site_config_backup.json 182.0B
Database: ./erp.blueseakw.com/private/backups/20240116_030003-erp_blueseakw_com-database.sql.gz         1.4MiB
Backup for Site erp.blueseakw.com has been successfully completed
self=$$;  ( mariadb-dump --single-transaction --quick --lock-tables=false -u _2e0a4435c11e0a75 -p********** _2e0a4435c11e0a75 -h 127.0.0.1 -P 3306   || kill $self )  | /usr/bin/gzip >> ./erp.blueseakw.com/private/backups/20240116_090003-erp_blueseakw_com-database.sql.gz

Backup Summary for erp.blueseakw.com at 2024-01-16 09:00:11.775521
Config  : ./erp.blueseakw.com/private/backups/20240116_090003-erp_blueseakw_com-site_config_backup.json 182.0B
Database: ./erp.blueseakw.com/private/backups/20240116_090003-erp_blueseakw_com-database.sql.gz         1.4MiB
Backup for Site erp.blueseakw.com has been successfully completed
self=$$;  ( mariadb-dump --single-transaction --quick --lock-tables=false -u _2e0a4435c11e0a75 -p********** _2e0a4435c11e0a75 -h 127.0.0.1 -P 3306   || kill $self )  | /usr/bin/gzip >> ./erp.blueseakw.com/private/backups/20240116_150003-erp_blueseakw_com-database.sql.gz

Backup Summary for erp.blueseakw.com at 2024-01-16 15:00:09.127775
Config  : ./erp.blueseakw.com/private/backups/20240116_150003-erp_blueseakw_com-site_config_backup.json 182.0B
Database: ./erp.blueseakw.com/private/backups/20240116_150003-erp_blueseakw_com-database.sql.gz         1.4MiB
Backup for Site erp.blueseakw.com has been successfully completed
self=$$;  ( mariadb-dump --single-transaction --quick --lock-tables=false -u _2e0a4435c11e0a75 -p********** _2e0a4435c11e0a75 -h 127.0.0.1 -P 3306   || kill $self )  | /usr/bin/gzip >> ./erp.blueseakw.com/private/backups/20240116_210003-erp_blueseakw_com-database.sql.gz

Backup Summary for erp.blueseakw.com at 2024-01-16 21:00:08.622873
Config  : ./erp.blueseakw.com/private/backups/20240116_210003-erp_blueseakw_com-site_config_backup.json 182.0B
Database: ./erp.blueseakw.com/private/backups/20240116_210003-erp_blueseakw_com-database.sql.gz         1.4MiB
Backup for Site erp.blueseakw.com has been successfully completed
self=$$;  ( mariadb-dump --single-transaction --quick --lock-tables=false -u _2e0a4435c11e0a75 -p********** _2e0a4435c11e0a75 -h 127.0.0.1 -P 3306   || kill $self )  | /usr/bin/gzip >> ./erp.blueseakw.com/private/backups/20240117_030003-erp_blueseakw_com-database.sql.gz

Backup Summary for erp.blueseakw.com at 2024-01-17 03:00:07.340044
Config  : ./erp.blueseakw.com/private/backups/20240117_030003-erp_blueseakw_com-site_config_backup.json 182.0B
Database: ./erp.blueseakw.com/private/backups/20240117_030003-erp_blueseakw_com-database.sql.gz         1.4MiB
Backup for Site erp.blueseakw.com has been successfully completed
self=$$;  ( mariadb-dump --single-transaction --quick --lock-tables=false -u _2e0a4435c11e0a75 -p********** _2e0a4435c11e0a75 -h 127.0.0.1 -P 3306   || kill $self )  | /usr/bin/gzip >> ./erp.blueseakw.com/private/backups/20240117_090003-erp_blueseakw_com-database.sql.gz

Backup Summary for erp.blueseakw.com at 2024-01-17 09:00:08.166616
Config  : ./erp.blueseakw.com/private/backups/20240117_090003-erp_blueseakw_com-site_config_backup.json 182.0B
Database: ./erp.blueseakw.com/private/backups/20240117_090003-erp_blueseakw_com-database.sql.gz         1.4MiB
Backup for Site erp.blueseakw.com has been successfully completed
self=$$;  ( mariadb-dump --single-transaction --quick --lock-tables=false -u _2e0a4435c11e0a75 -p********** _2e0a4435c11e0a75 -h 127.0.0.1 -P 3306   || kill $self )  | /usr/bin/gzip >> ./erp.blueseakw.com/private/backups/20240117_150003-erp_blueseakw_com-database.sql.gz

Backup Summary for erp.blueseakw.com at 2024-01-17 15:00:08.664836
Config  : ./erp.blueseakw.com/private/backups/20240117_150003-erp_blueseakw_com-site_config_backup.json 182.0B
Database: ./erp.blueseakw.com/private/backups/20240117_150003-erp_blueseakw_com-database.sql.gz         1.4MiB
Backup for Site erp.blueseakw.com has been successfully completed
self=$$;  ( mariadb-dump --single-transaction --quick --lock-tables=false -u _2e0a4435c11e0a75 -p********** _2e0a4435c11e0a75 -h 127.0.0.1 -P 3306   || kill $self )  | /usr/bin/gzip >> ./erp.blueseakw.com/private/backups/20240117_210003-erp_blueseakw_com-database.sql.gz

Backup Summary for erp.blueseakw.com at 2024-01-17 21:00:08.588693
Config  : ./erp.blueseakw.com/private/backups/20240117_210003-erp_blueseakw_com-site_config_backup.json 182.0B
Database: ./erp.blueseakw.com/private/backups/20240117_210003-erp_blueseakw_com-database.sql.gz         1.4MiB
Backup for Site erp.blueseakw.com has been successfully completed
self=$$;  ( mariadb-dump --single-transaction --quick --lock-tables=false -u _2e0a4435c11e0a75 -p********** _2e0a4435c11e0a75 -h 127.0.0.1 -P 3306   || kill $self )  | /usr/bin/gzip >> ./erp.blueseakw.com/private/backups/20240118_030003-erp_blueseakw_com-database.sql.gz

Backup Summary for erp.blueseakw.com at 2024-01-18 03:00:07.449461
Config  : ./erp.blueseakw.com/private/backups/20240118_030003-erp_blueseakw_com-site_config_backup.json 182.0B
Database: ./erp.blueseakw.com/private/backups/20240118_030003-erp_blueseakw_com-database.sql.gz         1.4MiB
Backup for Site erp.blueseakw.com has been successfully completed
self=$$;  ( mariadb-dump --single-transaction --quick --lock-tables=false -u _2e0a4435c11e0a75 -p********** _2e0a4435c11e0a75 -h 127.0.0.1 -P 3306   || kill $self )  | /usr/bin/gzip >> ./erp.blueseakw.com/private/backups/20240118_090002-erp_blueseakw_com-database.sql.gz

Backup Summary for erp.blueseakw.com at 2024-01-18 09:00:06.196253
Config  : ./erp.blueseakw.com/private/backups/20240118_090002-erp_blueseakw_com-site_config_backup.json 182.0B
Database: ./erp.blueseakw.com/private/backups/20240118_090002-erp_blueseakw_com-database.sql.gz         1.4MiB
Backup for Site erp.blueseakw.com has been successfully completed
self=$$;  ( mariadb-dump --single-transaction --quick --lock-tables=false -u _2e0a4435c11e0a75 -p********** _2e0a4435c11e0a75 -h 127.0.0.1 -P 3306   || kill $self )  | /usr/bin/gzip >> ./erp.blueseakw.com/private/backups/20240118_150003-erp_blueseakw_com-database.sql.gz

Backup Summary for erp.blueseakw.com at 2024-01-18 15:00:08.870829
Config  : ./erp.blueseakw.com/private/backups/20240118_150003-erp_blueseakw_com-site_config_backup.json 182.0B
Database: ./erp.blueseakw.com/private/backups/20240118_150003-erp_blueseakw_com-database.sql.gz         1.4MiB
Backup for Site erp.blueseakw.com has been successfully completed
self=$$;  ( mariadb-dump --single-transaction --quick --lock-tables=false -u _2e0a4435c11e0a75 -p********** _2e0a4435c11e0a75 -h 127.0.0.1 -P 3306   || kill $self )  | /usr/bin/gzip >> ./erp.blueseakw.com/private/backups/20240118_210003-erp_blueseakw_com-database.sql.gz

Backup Summary for erp.blueseakw.com at 2024-01-18 21:00:06.930940
Config  : ./erp.blueseakw.com/private/backups/20240118_210003-erp_blueseakw_com-site_config_backup.json 182.0B
Database: ./erp.blueseakw.com/private/backups/20240118_210003-erp_blueseakw_com-database.sql.gz         1.4MiB
Backup for Site erp.blueseakw.com has been successfully completed
self=$$;  ( mariadb-dump --single-transaction --quick --lock-tables=false -u _2e0a4435c11e0a75 -p********** _2e0a4435c11e0a75 -h 127.0.0.1 -P 3306   || kill $self )  | /usr/bin/gzip >> ./erp.blueseakw.com/private/backups/20240119_030003-erp_blueseakw_com-database.sql.gz

Backup Summary for erp.blueseakw.com at 2024-01-19 03:00:08.433443
Config  : ./erp.blueseakw.com/private/backups/20240119_030003-erp_blueseakw_com-site_config_backup.json 182.0B
Database: ./erp.blueseakw.com/private/backups/20240119_030003-erp_blueseakw_com-database.sql.gz         1.4MiB
Backup for Site erp.blueseakw.com has been successfully completed
self=$$;  ( mariadb-dump --single-transaction --quick --lock-tables=false -u _2e0a4435c11e0a75 -p********** _2e0a4435c11e0a75 -h 127.0.0.1 -P 3306   || kill $self )  | /usr/bin/gzip >> ./erp.blueseakw.com/private/backups/20240119_090002-erp_blueseakw_com-database.sql.gz

Backup Summary for erp.blueseakw.com at 2024-01-19 09:00:06.479291
Config  : ./erp.blueseakw.com/private/backups/20240119_090002-erp_blueseakw_com-site_config_backup.json 182.0B
Database: ./erp.blueseakw.com/private/backups/20240119_090002-erp_blueseakw_com-database.sql.gz         1.4MiB
Backup for Site erp.blueseakw.com has been successfully completed
self=$$;  ( mariadb-dump --single-transaction --quick --lock-tables=false -u _2e0a4435c11e0a75 -p********** _2e0a4435c11e0a75 -h 127.0.0.1 -P 3306   || kill $self )  | /usr/bin/gzip >> ./erp.blueseakw.com/private/backups/20240119_150002-erp_blueseakw_com-database.sql.gz

Backup Summary for erp.blueseakw.com at 2024-01-19 15:00:06.801025
Config  : ./erp.blueseakw.com/private/backups/20240119_150002-erp_blueseakw_com-site_config_backup.json 182.0B
Database: ./erp.blueseakw.com/private/backups/20240119_150002-erp_blueseakw_com-database.sql.gz         1.4MiB
Backup for Site erp.blueseakw.com has been successfully completed
self=$$;  ( mariadb-dump --single-transaction --quick --lock-tables=false -u _2e0a4435c11e0a75 -p********** _2e0a4435c11e0a75 -h 127.0.0.1 -P 3306   || kill $self )  | /usr/bin/gzip >> ./erp.blueseakw.com/private/backups/20240119_210003-erp_blueseakw_com-database.sql.gz

Backup Summary for erp.blueseakw.com at 2024-01-19 21:00:08.765875
Config  : ./erp.blueseakw.com/private/backups/20240119_210003-erp_blueseakw_com-site_config_backup.json 182.0B
Database: ./erp.blueseakw.com/private/backups/20240119_210003-erp_blueseakw_com-database.sql.gz         1.4MiB
Backup for Site erp.blueseakw.com has been successfully completed
self=$$;  ( mariadb-dump --single-transaction --quick --lock-tables=false -u _2e0a4435c11e0a75 -p********** _2e0a4435c11e0a75 -h 127.0.0.1 -P 3306   || kill $self )  | /usr/bin/gzip >> ./erp.blueseakw.com/private/backups/20240120_030003-erp_blueseakw_com-database.sql.gz

Backup Summary for erp.blueseakw.com at 2024-01-20 03:00:07.423319
Config  : ./erp.blueseakw.com/private/backups/20240120_030003-erp_blueseakw_com-site_config_backup.json 182.0B
Database: ./erp.blueseakw.com/private/backups/20240120_030003-erp_blueseakw_com-database.sql.gz         1.4MiB
Backup for Site erp.blueseakw.com has been successfully completed
self=$$;  ( mariadb-dump --single-transaction --quick --lock-tables=false -u _2e0a4435c11e0a75 -p********** _2e0a4435c11e0a75 -h 127.0.0.1 -P 3306   || kill $self )  | /usr/bin/gzip >> ./erp.blueseakw.com/private/backups/20240120_090002-erp_blueseakw_com-database.sql.gz

Backup Summary for erp.blueseakw.com at 2024-01-20 09:00:05.537888
Config  : ./erp.blueseakw.com/private/backups/20240120_090002-erp_blueseakw_com-site_config_backup.json 182.0B
Database: ./erp.blueseakw.com/private/backups/20240120_090002-erp_blueseakw_com-database.sql.gz         1.4MiB
Backup for Site erp.blueseakw.com has been successfully completed
self=$$;  ( mariadb-dump --single-transaction --quick --lock-tables=false -u _2e0a4435c11e0a75 -p********** _2e0a4435c11e0a75 -h 127.0.0.1 -P 3306   || kill $self )  | /usr/bin/gzip >> ./erp.blueseakw.com/private/backups/20240120_150002-erp_blueseakw_com-database.sql.gz

Backup Summary for erp.blueseakw.com at 2024-01-20 15:00:07.169718
Config  : ./erp.blueseakw.com/private/backups/20240120_150002-erp_blueseakw_com-site_config_backup.json 182.0B
Database: ./erp.blueseakw.com/private/backups/20240120_150002-erp_blueseakw_com-database.sql.gz         1.4MiB
Backup for Site erp.blueseakw.com has been successfully completed
self=$$;  ( mariadb-dump --single-transaction --quick --lock-tables=false -u _2e0a4435c11e0a75 -p********** _2e0a4435c11e0a75 -h 127.0.0.1 -P 3306   || kill $self )  | /usr/bin/gzip >> ./erp.blueseakw.com/private/backups/20240120_210003-erp_blueseakw_com-database.sql.gz

Backup Summary for erp.blueseakw.com at 2024-01-20 21:00:08.870862
Config  : ./erp.blueseakw.com/private/backups/20240120_210003-erp_blueseakw_com-site_config_backup.json 182.0B
Database: ./erp.blueseakw.com/private/backups/20240120_210003-erp_blueseakw_com-database.sql.gz         1.4MiB
Backup for Site erp.blueseakw.com has been successfully completed
self=$$;  ( mariadb-dump --single-transaction --quick --lock-tables=false -u _2e0a4435c11e0a75 -p********** _2e0a4435c11e0a75 -h 127.0.0.1 -P 3306   || kill $self )  | /usr/bin/gzip >> ./erp.blueseakw.com/private/backups/20240121_030003-erp_blueseakw_com-database.sql.gz

Backup Summary for erp.blueseakw.com at 2024-01-21 03:00:09.769199
Config  : ./erp.blueseakw.com/private/backups/20240121_030003-erp_blueseakw_com-site_config_backup.json 182.0B
Database: ./erp.blueseakw.com/private/backups/20240121_030003-erp_blueseakw_com-database.sql.gz         1.4MiB
Backup for Site erp.blueseakw.com has been successfully completed
self=$$;  ( mariadb-dump --single-transaction --quick --lock-tables=false -u _2e0a4435c11e0a75 -p********** _2e0a4435c11e0a75 -h 127.0.0.1 -P 3306   || kill $self )  | /usr/bin/gzip >> ./erp.blueseakw.com/private/backups/20240121_090003-erp_blueseakw_com-database.sql.gz

Backup Summary for erp.blueseakw.com at 2024-01-21 09:00:06.641277
Config  : ./erp.blueseakw.com/private/backups/20240121_090003-erp_blueseakw_com-site_config_backup.json 182.0B
Database: ./erp.blueseakw.com/private/backups/20240121_090003-erp_blueseakw_com-database.sql.gz         1.4MiB
Backup for Site erp.blueseakw.com has been successfully completed
self=$$;  ( mariadb-dump --single-transaction --quick --lock-tables=false -u _2e0a4435c11e0a75 -p********** _2e0a4435c11e0a75 -h 127.0.0.1 -P 3306   || kill $self )  | /usr/bin/gzip >> ./erp.blueseakw.com/private/backups/20240121_150003-erp_blueseakw_com-database.sql.gz

Backup Summary for erp.blueseakw.com at 2024-01-21 15:00:09.369408
Config  : ./erp.blueseakw.com/private/backups/20240121_150003-erp_blueseakw_com-site_config_backup.json 182.0B
Database: ./erp.blueseakw.com/private/backups/20240121_150003-erp_blueseakw_com-database.sql.gz         1.4MiB
Backup for Site erp.blueseakw.com has been successfully completed
self=$$;  ( mariadb-dump --single-transaction --quick --lock-tables=false -u _2e0a4435c11e0a75 -p********** _2e0a4435c11e0a75 -h 127.0.0.1 -P 3306   || kill $self )  | /usr/bin/gzip >> ./erp.blueseakw.com/private/backups/20240121_210003-erp_blueseakw_com-database.sql.gz

Backup Summary for erp.blueseakw.com at 2024-01-21 21:00:08.085876
Config  : ./erp.blueseakw.com/private/backups/20240121_210003-erp_blueseakw_com-site_config_backup.json 182.0B
Database: ./erp.blueseakw.com/private/backups/20240121_210003-erp_blueseakw_com-database.sql.gz         1.4MiB
Backup for Site erp.blueseakw.com has been successfully completed
self=$$;  ( mariadb-dump --single-transaction --quick --lock-tables=false -u _2e0a4435c11e0a75 -p********** _2e0a4435c11e0a75 -h 127.0.0.1 -P 3306   || kill $self )  | /usr/bin/gzip >> ./erp.blueseakw.com/private/backups/20240122_030003-erp_blueseakw_com-database.sql.gz

Backup Summary for erp.blueseakw.com at 2024-01-22 03:00:11.388209
Config  : ./erp.blueseakw.com/private/backups/20240122_030003-erp_blueseakw_com-site_config_backup.json 182.0B
Database: ./erp.blueseakw.com/private/backups/20240122_030003-erp_blueseakw_com-database.sql.gz         1.4MiB
Backup for Site erp.blueseakw.com has been successfully completed
self=$$;  ( mariadb-dump --single-transaction --quick --lock-tables=false -u _2e0a4435c11e0a75 -p********** _2e0a4435c11e0a75 -h 127.0.0.1 -P 3306   || kill $self )  | /usr/bin/gzip >> ./erp.blueseakw.com/private/backups/20240122_090002-erp_blueseakw_com-database.sql.gz

Backup Summary for erp.blueseakw.com at 2024-01-22 09:00:05.742207
Config  : ./erp.blueseakw.com/private/backups/20240122_090002-erp_blueseakw_com-site_config_backup.json 182.0B
Database: ./erp.blueseakw.com/private/backups/20240122_090002-erp_blueseakw_com-database.sql.gz         1.4MiB
Backup for Site erp.blueseakw.com has been successfully completed
self=$$;  ( mariadb-dump --single-transaction --quick --lock-tables=false -u _2e0a4435c11e0a75 -p********** _2e0a4435c11e0a75 -h 127.0.0.1 -P 3306   || kill $self )  | /usr/bin/gzip >> ./erp.blueseakw.com/private/backups/20240122_150003-erp_blueseakw_com-database.sql.gz

Backup Summary for erp.blueseakw.com at 2024-01-22 15:00:07.849493
Config  : ./erp.blueseakw.com/private/backups/20240122_150003-erp_blueseakw_com-site_config_backup.json 182.0B
Database: ./erp.blueseakw.com/private/backups/20240122_150003-erp_blueseakw_com-database.sql.gz         1.4MiB
Backup for Site erp.blueseakw.com has been successfully completed
self=$$;  ( mariadb-dump --single-transaction --quick --lock-tables=false -u _2e0a4435c11e0a75 -p********** _2e0a4435c11e0a75 -h 127.0.0.1 -P 3306   || kill $self )  | /usr/bin/gzip >> ./erp.blueseakw.com/private/backups/20240122_210003-erp_blueseakw_com-database.sql.gz

Backup Summary for erp.blueseakw.com at 2024-01-22 21:00:10.999241
Config  : ./erp.blueseakw.com/private/backups/20240122_210003-erp_blueseakw_com-site_config_backup.json 182.0B
Database: ./erp.blueseakw.com/private/backups/20240122_210003-erp_blueseakw_com-database.sql.gz         1.4MiB
Backup for Site erp.blueseakw.com has been successfully completed
self=$$;  ( mariadb-dump --single-transaction --quick --lock-tables=false -u _2e0a4435c11e0a75 -p********** _2e0a4435c11e0a75 -h 127.0.0.1 -P 3306   || kill $self )  | /usr/bin/gzip >> ./erp.blueseakw.com/private/backups/20240123_030003-erp_blueseakw_com-database.sql.gz

Backup Summary for erp.blueseakw.com at 2024-01-23 03:00:12.508587
Config  : ./erp.blueseakw.com/private/backups/20240123_030003-erp_blueseakw_com-site_config_backup.json 182.0B
Database: ./erp.blueseakw.com/private/backups/20240123_030003-erp_blueseakw_com-database.sql.gz         1.4MiB
Backup for Site erp.blueseakw.com has been successfully completed
self=$$;  ( mariadb-dump --single-transaction --quick --lock-tables=false -u _2e0a4435c11e0a75 -p********** _2e0a4435c11e0a75 -h 127.0.0.1 -P 3306   || kill $self )  | /usr/bin/gzip >> ./erp.blueseakw.com/private/backups/20240123_090003-erp_blueseakw_com-database.sql.gz

Backup Summary for erp.blueseakw.com at 2024-01-23 09:00:08.177854
Config  : ./erp.blueseakw.com/private/backups/20240123_090003-erp_blueseakw_com-site_config_backup.json 182.0B
Database: ./erp.blueseakw.com/private/backups/20240123_090003-erp_blueseakw_com-database.sql.gz         1.4MiB
Backup for Site erp.blueseakw.com has been successfully completed
self=$$;  ( mariadb-dump --single-transaction --quick --lock-tables=false -u _2e0a4435c11e0a75 -p********** _2e0a4435c11e0a75 -h 127.0.0.1 -P 3306   || kill $self )  | /usr/bin/gzip >> ./erp.blueseakw.com/private/backups/20240123_150003-erp_blueseakw_com-database.sql.gz

Backup Summary for erp.blueseakw.com at 2024-01-23 15:00:07.911916
Config  : ./erp.blueseakw.com/private/backups/20240123_150003-erp_blueseakw_com-site_config_backup.json 182.0B
Database: ./erp.blueseakw.com/private/backups/20240123_150003-erp_blueseakw_com-database.sql.gz         1.4MiB
Backup for Site erp.blueseakw.com has been successfully completed
self=$$;  ( mariadb-dump --single-transaction --quick --lock-tables=false -u _2e0a4435c11e0a75 -p********** _2e0a4435c11e0a75 -h 127.0.0.1 -P 3306   || kill $self )  | /usr/bin/gzip >> ./erp.blueseakw.com/private/backups/20240123_210003-erp_blueseakw_com-database.sql.gz

Backup Summary for erp.blueseakw.com at 2024-01-23 21:00:08.519038
Config  : ./erp.blueseakw.com/private/backups/20240123_210003-erp_blueseakw_com-site_config_backup.json 182.0B
Database: ./erp.blueseakw.com/private/backups/20240123_210003-erp_blueseakw_com-database.sql.gz         1.4MiB
Backup for Site erp.blueseakw.com has been successfully completed
self=$$;  ( mariadb-dump --single-transaction --quick --lock-tables=false -u _2e0a4435c11e0a75 -p********** _2e0a4435c11e0a75 -h 127.0.0.1 -P 3306   || kill $self )  | /usr/bin/gzip >> ./erp.blueseakw.com/private/backups/20240124_030003-erp_blueseakw_com-database.sql.gz

Backup Summary for erp.blueseakw.com at 2024-01-24 03:00:10.087477
Config  : ./erp.blueseakw.com/private/backups/20240124_030003-erp_blueseakw_com-site_config_backup.json 182.0B
Database: ./erp.blueseakw.com/private/backups/20240124_030003-erp_blueseakw_com-database.sql.gz         1.4MiB
Backup for Site erp.blueseakw.com has been successfully completed
self=$$;  ( mariadb-dump --single-transaction --quick --lock-tables=false -u _2e0a4435c11e0a75 -p********** _2e0a4435c11e0a75 -h 127.0.0.1 -P 3306   || kill $self )  | /usr/bin/gzip >> ./erp.blueseakw.com/private/backups/20240124_090003-erp_blueseakw_com-database.sql.gz

Backup Summary for erp.blueseakw.com at 2024-01-24 09:00:10.034056
Config  : ./erp.blueseakw.com/private/backups/20240124_090003-erp_blueseakw_com-site_config_backup.json 182.0B
Database: ./erp.blueseakw.com/private/backups/20240124_090003-erp_blueseakw_com-database.sql.gz         1.4MiB
Backup for Site erp.blueseakw.com has been successfully completed
self=$$;  ( mariadb-dump --single-transaction --quick --lock-tables=false -u _2e0a4435c11e0a75 -p********** _2e0a4435c11e0a75 -h 127.0.0.1 -P 3306   || kill $self )  | /usr/bin/gzip >> ./erp.blueseakw.com/private/backups/20240124_150003-erp_blueseakw_com-database.sql.gz

Backup Summary for erp.blueseakw.com at 2024-01-24 15:00:10.009019
Config  : ./erp.blueseakw.com/private/backups/20240124_150003-erp_blueseakw_com-site_config_backup.json 182.0B
Database: ./erp.blueseakw.com/private/backups/20240124_150003-erp_blueseakw_com-database.sql.gz         1.4MiB
Backup for Site erp.blueseakw.com has been successfully completed
self=$$;  ( mariadb-dump --single-transaction --quick --lock-tables=false -u _2e0a4435c11e0a75 -p********** _2e0a4435c11e0a75 -h 127.0.0.1 -P 3306   || kill $self )  | /usr/bin/gzip >> ./erp.blueseakw.com/private/backups/20240124_210003-erp_blueseakw_com-database.sql.gz

Backup Summary for erp.blueseakw.com at 2024-01-24 21:00:11.643192
Config  : ./erp.blueseakw.com/private/backups/20240124_210003-erp_blueseakw_com-site_config_backup.json 182.0B
Database: ./erp.blueseakw.com/private/backups/20240124_210003-erp_blueseakw_com-database.sql.gz         1.4MiB
Backup for Site erp.blueseakw.com has been successfully completed
self=$$;  ( mariadb-dump --single-transaction --quick --lock-tables=false -u _2e0a4435c11e0a75 -p********** _2e0a4435c11e0a75 -h 127.0.0.1 -P 3306   || kill $self )  | /usr/bin/gzip >> ./erp.blueseakw.com/private/backups/20240125_030003-erp_blueseakw_com-database.sql.gz

Backup Summary for erp.blueseakw.com at 2024-01-25 03:00:10.428715
Config  : ./erp.blueseakw.com/private/backups/20240125_030003-erp_blueseakw_com-site_config_backup.json 182.0B
Database: ./erp.blueseakw.com/private/backups/20240125_030003-erp_blueseakw_com-database.sql.gz         1.4MiB
Backup for Site erp.blueseakw.com has been successfully completed
self=$$;  ( mariadb-dump --single-transaction --quick --lock-tables=false -u _2e0a4435c11e0a75 -p********** _2e0a4435c11e0a75 -h 127.0.0.1 -P 3306   || kill $self )  | /usr/bin/gzip >> ./erp.blueseakw.com/private/backups/20240125_090002-erp_blueseakw_com-database.sql.gz

Backup Summary for erp.blueseakw.com at 2024-01-25 09:00:09.551892
Config  : ./erp.blueseakw.com/private/backups/20240125_090002-erp_blueseakw_com-site_config_backup.json 182.0B
Database: ./erp.blueseakw.com/private/backups/20240125_090002-erp_blueseakw_com-database.sql.gz         1.4MiB
Backup for Site erp.blueseakw.com has been successfully completed
